Connecting to database specified by database.yml


Started GET "/" for 127.0.0.1 at 2013-05-16 16:17:42 +1000
  [1m[36mUser Load (0.2ms)[0m  [1mSELECT "users".* FROM "users" WHERE "users"."id" = 3 LIMIT 1[0m
Processing by HomeController#index as HTML
  [1m[35mUser Load (0.4ms)[0m  SELECT "users".* FROM "users" 
  [1m[36mPost Load (0.2ms)[0m  [1mSELECT "posts".* FROM "posts" ORDER BY posts.created_at DESC[0m
  [1m[35mComment Load (0.1ms)[0m  SELECT "comments".* FROM "comments" 
  Rendered home/index.html.erb within layouts/application (30.2ms)
Compiled font-awesome.css  (309ms)  (pid 61310)
Compiled foundation.css  (0ms)  (pid 61310)
Compiled foundation.min.css  (0ms)  (pid 61310)
Compiled foundation_and_overrides.css  (1511ms)  (pid 61310)
Compiled normalize.css  (0ms)  (pid 61310)
Compiled application.css  (1721ms)  (pid 61310)
Compiled vendor/custom.modernizr.js  (0ms)  (pid 61310)
  Rendered layouts/_navigation.html.erb (0.4ms)
  Rendered layouts/_messages.html.erb (0.7ms)
Compiled jquery.js  (3ms)  (pid 61310)
Compiled foundation.js  (0ms)  (pid 61310)
Compiled custom.modernizr.js  (0ms)  (pid 61310)
Compiled foundation.alerts.js  (0ms)  (pid 61310)
Compiled foundation.clearing.js  (0ms)  (pid 61310)
Compiled foundation.cookie.js  (0ms)  (pid 61310)
Compiled foundation.dropdown.js  (0ms)  (pid 61310)
Compiled foundation.forms.js  (0ms)  (pid 61310)
Compiled foundation.joyride.js  (0ms)  (pid 61310)
Compiled foundation.magellan.js  (0ms)  (pid 61310)
Compiled foundation.min.js  (0ms)  (pid 61310)
Compiled foundation.orbit.js  (0ms)  (pid 61310)
Compiled foundation.placeholder.js  (0ms)  (pid 61310)
Compiled foundation.reveal.js  (0ms)  (pid 61310)
Compiled foundation.section.js  (0ms)  (pid 61310)
Compiled foundation.tooltips.js  (0ms)  (pid 61310)
Compiled foundation.topbar.js  (0ms)  (pid 61310)
Compiled zepto.js  (0ms)  (pid 61310)
Compiled application.js  (621ms)  (pid 61310)
  Rendered layouts/_footer.html.erb (0.6ms)
Completed 200 OK in 3272ms (Views: 3226.6ms | ActiveRecord: 1.2ms)

ActionController::RoutingError (No route matches [GET] "/assets/javascripts/templates.js"):
  actionpack (3.2.13) lib/action_dispatch/middleware/debug_exceptions.rb:21:in `call'
  actionpack (3.2.13) lib/action_dispatch/middleware/show_exceptions.rb:56:in `call'
  railties (3.2.13) lib/rails/rack/logger.rb:32:in `call_app'
  railties (3.2.13) lib/rails/rack/logger.rb:16:in `block in call'
  activesupport (3.2.13) lib/active_support/tagged_logging.rb:22:in `tagged'
  railties (3.2.13) lib/rails/rack/logger.rb:16:in `call'
  quiet_assets (1.0.2) lib/quiet_assets.rb:18:in `call_with_quiet_assets'
  actionpack (3.2.13) lib/action_dispatch/middleware/request_id.rb:22:in `call'
  rack (1.4.5) lib/rack/methodoverride.rb:21:in `call'
  rack (1.4.5) lib/rack/runtime.rb:17:in `call'
  activesupport (3.2.13) lib/active_support/cache/strategy/local_cache.rb:72:in `call'
  rack (1.4.5) lib/rack/lock.rb:15:in `call'
  actionpack (3.2.13) lib/action_dispatch/middleware/static.rb:63:in `call'
  railties (3.2.13) lib/rails/engine.rb:479:in `call'
  railties (3.2.13) lib/rails/application.rb:223:in `call'
  rack (1.4.5) lib/rack/content_length.rb:14:in `call'
  railties (3.2.13) lib/rails/rack/log_tailer.rb:17:in `call'
  thin (1.5.1) lib/thin/connection.rb:81:in `block in pre_process'
  thin (1.5.1) lib/thin/connection.rb:79:in `catch'
  thin (1.5.1) lib/thin/connection.rb:79:in `pre_process'
  thin (1.5.1) lib/thin/connection.rb:54:in `process'
  thin (1.5.1) lib/thin/connection.rb:39:in `receive_data'
  eventmachine (1.0.3) lib/eventmachine.rb:187:in `run_machine'
  eventmachine (1.0.3) lib/eventmachine.rb:187:in `run'
  thin (1.5.1) lib/thin/backends/base.rb:63:in `start'
  thin (1.5.1) lib/thin/server.rb:159:in `start'
  rack (1.4.5) lib/rack/handler/thin.rb:13:in `run'
  rack (1.4.5) lib/rack/server.rb:268:in `start'
  railties (3.2.13) lib/rails/commands/server.rb:70:in `start'
  railties (3.2.13) lib/rails/commands.rb:55:in `block in <top (required)>'
  railties (3.2.13) lib/rails/commands.rb:50:in `tap'
  railties (3.2.13) lib/rails/commands.rb:50:in `<top (required)>'
  script/rails:6:in `require'
  script/rails:6:in `<main>'


Connecting to database specified by database.yml


Started GET "/" for 127.0.0.1 at 2013-05-16 16:24:59 +1000
  [1m[36mUser Load (0.3ms)[0m  [1mSELECT "users".* FROM "users" WHERE "users"."id" = 3 LIMIT 1[0m
Processing by HomeController#index as HTML
  [1m[35mUser Load (0.2ms)[0m  SELECT "users".* FROM "users" 
  [1m[36mPost Load (0.2ms)[0m  [1mSELECT "posts".* FROM "posts" ORDER BY posts.created_at DESC[0m
  [1m[35mComment Load (0.1ms)[0m  SELECT "comments".* FROM "comments" 
  [1m[36mUser Load (0.2ms)[0m  [1mSELECT "users".* FROM "users" WHERE "users"."id" = 1 LIMIT 1[0m
  [1m[35m (0.2ms)[0m  SELECT COUNT(*) FROM "votes" WHERE "votes"."votable_id" = 7 AND "votes"."votable_type" = 'Post' AND "votes"."vote_flag" = 't' AND "votes"."vote_scope" IS NULL
  [1m[36mCACHE (0.0ms)[0m  [1mSELECT "users".* FROM "users" WHERE "users"."id" = 1 LIMIT 1[0m
  [1m[35m (0.2ms)[0m  SELECT COUNT(*) FROM "votes" WHERE "votes"."votable_id" = 6 AND "votes"."votable_type" = 'Post' AND "votes"."vote_flag" = 't' AND "votes"."vote_scope" IS NULL
  [1m[36mCACHE (0.0ms)[0m  [1mSELECT "users".* FROM "users" WHERE "users"."id" = 1 LIMIT 1[0m
  [1m[35m (0.2ms)[0m  SELECT COUNT(*) FROM "votes" WHERE "votes"."votable_id" = 5 AND "votes"."votable_type" = 'Post' AND "votes"."vote_flag" = 't' AND "votes"."vote_scope" IS NULL
  [1m[36mCACHE (0.0ms)[0m  [1mSELECT "users".* FROM "users" WHERE "users"."id" = 1 LIMIT 1[0m
  [1m[35m (0.1ms)[0m  SELECT COUNT(*) FROM "votes" WHERE "votes"."votable_id" = 4 AND "votes"."votable_type" = 'Post' AND "votes"."vote_flag" = 't' AND "votes"."vote_scope" IS NULL
  [1m[36mCACHE (0.0ms)[0m  [1mSELECT "users".* FROM "users" WHERE "users"."id" = 1 LIMIT 1[0m
  [1m[35m (0.1ms)[0m  SELECT COUNT(*) FROM "votes" WHERE "votes"."votable_id" = 3 AND "votes"."votable_type" = 'Post' AND "votes"."vote_flag" = 't' AND "votes"."vote_scope" IS NULL
  [1m[36mCACHE (0.0ms)[0m  [1mSELECT "users".* FROM "users" WHERE "users"."id" = 1 LIMIT 1[0m
  [1m[35m (0.1ms)[0m  SELECT COUNT(*) FROM "votes" WHERE "votes"."votable_id" = 2 AND "votes"."votable_type" = 'Post' AND "votes"."vote_flag" = 't' AND "votes"."vote_scope" IS NULL
  [1m[36mCACHE (0.0ms)[0m  [1mSELECT "users".* FROM "users" WHERE "users"."id" = 1 LIMIT 1[0m
  [1m[35m (0.1ms)[0m  SELECT COUNT(*) FROM "votes" WHERE "votes"."votable_id" = 1 AND "votes"."votable_type" = 'Post' AND "votes"."vote_flag" = 't' AND "votes"."vote_scope" IS NULL
  Rendered home/index.html.erb within layouts/application (119.9ms)
Completed 500 Internal Server Error in 179ms

ActionController::RoutingError - No route matches {:action=>"new", :controller=>"posts", :user_id=>nil}:
  (gem) actionpack-3.2.13/lib/action_controller/metal/exceptions.rb:11:in `initialize'
  (gem) actionpack-3.2.13/lib/action_dispatch/routing/route_set.rb:544:in `raise_routing_error'
  (gem) actionpack-3.2.13/lib/action_dispatch/routing/route_set.rb:540:in `rescue in generate'
  (gem) actionpack-3.2.13/lib/action_dispatch/routing/route_set.rb:532:in `generate'
  (gem) actionpack-3.2.13/lib/action_dispatch/routing/route_set.rb:573:in `generate'
  (gem) actionpack-3.2.13/lib/action_dispatch/routing/route_set.rb:598:in `url_for'
  (gem) actionpack-3.2.13/lib/action_dispatch/routing/url_for.rb:148:in `url_for'
  (gem) actionpack-3.2.13/lib/action_view/helpers/url_helper.rb:107:in `url_for'
  (gem) actionpack-3.2.13/lib/action_dispatch/routing/route_set.rb:220:in `new_user_post_path'
  app/views/home/index.html.erb:122:in `_app_views_home_index_html_erb__1770324611764571945_70258420794280'
  (gem) actionpack-3.2.13/lib/action_view/template.rb:145:in `block in render'
  (gem) activesupport-3.2.13/lib/active_support/notifications.rb:125:in `instrument'
  (gem) actionpack-3.2.13/lib/action_view/template.rb:143:in `render'
  (gem) actionpack-3.2.13/lib/action_view/renderer/template_renderer.rb:47:in `block (2 levels) in render_template'
  (gem) actionpack-3.2.13/lib/action_view/renderer/abstract_renderer.rb:38:in `block in instrument'
  (gem) activesupport-3.2.13/lib/active_support/notifications.rb:123:in `block in instrument'
  (gem) activesupport-3.2.13/lib/active_support/notifications/instrumenter.rb:20:in `instrument'
  (gem) activesupport-3.2.13/lib/active_support/notifications.rb:123:in `instrument'
  (gem) actionpack-3.2.13/lib/action_view/renderer/abstract_renderer.rb:38:in `instrument'
  (gem) actionpack-3.2.13/lib/action_view/renderer/template_renderer.rb:46:in `block in render_template'
  (gem) actionpack-3.2.13/lib/action_view/renderer/template_renderer.rb:54:in `render_with_layout'
  (gem) actionpack-3.2.13/lib/action_view/renderer/template_renderer.rb:45:in `render_template'
  (gem) actionpack-3.2.13/lib/action_view/renderer/template_renderer.rb:18:in `render'
  (gem) actionpack-3.2.13/lib/action_view/renderer/renderer.rb:36:in `render_template'
  (gem) actionpack-3.2.13/lib/action_view/renderer/renderer.rb:17:in `render'
  (gem) actionpack-3.2.13/lib/abstract_controller/rendering.rb:110:in `_render_template'
  (gem) actionpack-3.2.13/lib/action_controller/metal/streaming.rb:225:in `_render_template'
  (gem) actionpack-3.2.13/lib/abstract_controller/rendering.rb:103:in `render_to_body'
  (gem) actionpack-3.2.13/lib/action_controller/metal/renderers.rb:28:in `render_to_body'
  (gem) actionpack-3.2.13/lib/action_controller/metal/compatibility.rb:50:in `render_to_body'
  (gem) actionpack-3.2.13/lib/abstract_controller/rendering.rb:88:in `render'
  (gem) actionpack-3.2.13/lib/action_controller/metal/rendering.rb:16:in `render'
  (gem) actionpack-3.2.13/lib/action_controller/metal/instrumentation.rb:40:in `block (2 levels) in render'
  (gem) activesupport-3.2.13/lib/active_support/core_ext/benchmark.rb:5:in `block in ms'
  /Users/Sherwyn/.rbenv/versions/1.9.3-p392/lib/ruby/1.9.1/benchmark.rb:295:in `realtime'
  (gem) activesupport-3.2.13/lib/active_support/core_ext/benchmark.rb:5:in `ms'
  (gem) actionpack-3.2.13/lib/action_controller/metal/instrumentation.rb:40:in `block in render'
  (gem) actionpack-3.2.13/lib/action_controller/metal/instrumentation.rb:83:in `cleanup_view_runtime'
  (gem) activerecord-3.2.13/lib/active_record/railties/controller_runtime.rb:24:in `cleanup_view_runtime'
  (gem) actionpack-3.2.13/lib/action_controller/metal/instrumentation.rb:39:in `render'
  (gem) actionpack-3.2.13/lib/action_controller/metal/implicit_render.rb:10:in `default_render'
  (gem) actionpack-3.2.13/lib/action_controller/metal/implicit_render.rb:5:in `send_action'
  (gem) actionpack-3.2.13/lib/abstract_controller/base.rb:167:in `process_action'
  (gem) actionpack-3.2.13/lib/action_controller/metal/rendering.rb:10:in `process_action'
  (gem) actionpack-3.2.13/lib/abstract_controller/callbacks.rb:18:in `block in process_action'
  (gem) activesupport-3.2.13/lib/active_support/callbacks.rb:414:in `_run__594891280237728729__process_action__712975931063986343__callbacks'
  (gem) activesupport-3.2.13/lib/active_support/callbacks.rb:405:in `__run_callback'
  (gem) activesupport-3.2.13/lib/active_support/callbacks.rb:385:in `_run_process_action_callbacks'
  (gem) activesupport-3.2.13/lib/active_support/callbacks.rb:81:in `run_callbacks'
  (gem) actionpack-3.2.13/lib/abstract_controller/callbacks.rb:17:in `process_action'
  (gem) actionpack-3.2.13/lib/action_controller/metal/rescue.rb:29:in `process_action'
  (gem) actionpack-3.2.13/lib/action_controller/metal/instrumentation.rb:30:in `block in process_action'
  (gem) activesupport-3.2.13/lib/active_support/notifications.rb:123:in `block in instrument'
  (gem) activesupport-3.2.13/lib/active_support/notifications/instrumenter.rb:20:in `instrument'
  (gem) activesupport-3.2.13/lib/active_support/notifications.rb:123:in `instrument'
  (gem) actionpack-3.2.13/lib/action_controller/metal/instrumentation.rb:29:in `process_action'
  (gem) actionpack-3.2.13/lib/action_controller/metal/params_wrapper.rb:207:in `process_action'
  (gem) activerecord-3.2.13/lib/active_record/railties/controller_runtime.rb:18:in `process_action'
  (gem) actionpack-3.2.13/lib/abstract_controller/base.rb:121:in `process'
  (gem) actionpack-3.2.13/lib/abstract_controller/rendering.rb:45:in `process'
  (gem) actionpack-3.2.13/lib/action_controller/metal.rb:203:in `dispatch'
  (gem) actionpack-3.2.13/lib/action_controller/metal/rack_delegation.rb:14:in `dispatch'
  (gem) actionpack-3.2.13/lib/action_controller/metal.rb:246:in `block in action'
  (gem) actionpack-3.2.13/lib/action_dispatch/routing/route_set.rb:73:in `dispatch'
  (gem) actionpack-3.2.13/lib/action_dispatch/routing/route_set.rb:36:in `call'
  (gem) actionpack-3.2.13/lib/action_dispatch/routing/mapper.rb:42:in `call'
  (gem) journey-1.0.4/lib/journey/router.rb:68:in `block in call'
  (gem) journey-1.0.4/lib/journey/router.rb:56:in `call'
  (gem) actionpack-3.2.13/lib/action_dispatch/routing/route_set.rb:612:in `call'
  (gem) omniauth-1.1.4/lib/omniauth/strategy.rb:184:in `call!'
  (gem) omniauth-1.1.4/lib/omniauth/strategy.rb:164:in `call'
  (gem) warden-1.2.1/lib/warden/manager.rb:35:in `block in call'
  (gem) warden-1.2.1/lib/warden/manager.rb:34:in `call'
  (gem) actionpack-3.2.13/lib/action_dispatch/middleware/best_standards_support.rb:17:in `call'
  (gem) rack-1.4.5/lib/rack/etag.rb:23:in `call'
  (gem) rack-1.4.5/lib/rack/conditionalget.rb:25:in `call'
  (gem) actionpack-3.2.13/lib/action_dispatch/middleware/head.rb:14:in `call'
  (gem) actionpack-3.2.13/lib/action_dispatch/middleware/params_parser.rb:21:in `call'
  (gem) actionpack-3.2.13/lib/action_dispatch/middleware/flash.rb:242:in `call'
  (gem) rack-1.4.5/lib/rack/session/abstract/id.rb:210:in `context'
  (gem) rack-1.4.5/lib/rack/session/abstract/id.rb:205:in `call'
  (gem) actionpack-3.2.13/lib/action_dispatch/middleware/cookies.rb:341:in `call'
  (gem) activerecord-3.2.13/lib/active_record/query_cache.rb:64:in `call'
  (gem) activerecord-3.2.13/lib/active_record/connection_adapters/abstract/connection_pool.rb:479:in `call'
  (gem) actionpack-3.2.13/lib/action_dispatch/middleware/callbacks.rb:28:in `block in call'
  (gem) activesupport-3.2.13/lib/active_support/callbacks.rb:405:in `_run__1334906525163995041__call__1814783617009206928__callbacks'
  (gem) activesupport-3.2.13/lib/active_support/callbacks.rb:405:in `__run_callback'
  (gem) activesupport-3.2.13/lib/active_support/callbacks.rb:385:in `_run_call_callbacks'
  (gem) activesupport-3.2.13/lib/active_support/callbacks.rb:81:in `run_callbacks'
  (gem) actionpack-3.2.13/lib/action_dispatch/middleware/callbacks.rb:27:in `call'
  (gem) actionpack-3.2.13/lib/action_dispatch/middleware/reloader.rb:65:in `call'
  (gem) actionpack-3.2.13/lib/action_dispatch/middleware/remote_ip.rb:31:in `call'
  (gem) better_errors-0.8.0/lib/better_errors/middleware.rb:84:in `protected_app_call'
  (gem) better_errors-0.8.0/lib/better_errors/middleware.rb:79:in `better_errors_call'
  (gem) better_errors-0.8.0/lib/better_errors/middleware.rb:56:in `call'
  (gem) actionpack-3.2.13/lib/action_dispatch/middleware/debug_exceptions.rb:16:in `call'
  (gem) actionpack-3.2.13/lib/action_dispatch/middleware/show_exceptions.rb:56:in `call'
  (gem) railties-3.2.13/lib/rails/rack/logger.rb:32:in `call_app'
  (gem) railties-3.2.13/lib/rails/rack/logger.rb:16:in `block in call'
  (gem) activesupport-3.2.13/lib/active_support/tagged_logging.rb:22:in `tagged'
  (gem) railties-3.2.13/lib/rails/rack/logger.rb:16:in `call'
  (gem) quiet_assets-1.0.2/lib/quiet_assets.rb:18:in `call_with_quiet_assets'
  (gem) actionpack-3.2.13/lib/action_dispatch/middleware/request_id.rb:22:in `call'
  (gem) rack-1.4.5/lib/rack/methodoverride.rb:21:in `call'
  (gem) rack-1.4.5/lib/rack/runtime.rb:17:in `call'
  (gem) activesupport-3.2.13/lib/active_support/cache/strategy/local_cache.rb:72:in `call'
  (gem) rack-1.4.5/lib/rack/lock.rb:15:in `call'
  (gem) actionpack-3.2.13/lib/action_dispatch/middleware/static.rb:63:in `call'
  (gem) railties-3.2.13/lib/rails/engine.rb:479:in `call'
  (gem) railties-3.2.13/lib/rails/application.rb:223:in `call'
  (gem) rack-1.4.5/lib/rack/content_length.rb:14:in `call'
  (gem) railties-3.2.13/lib/rails/rack/log_tailer.rb:17:in `call'
  (gem) thin-1.5.1/lib/thin/connection.rb:81:in `block in pre_process'
  (gem) thin-1.5.1/lib/thin/connection.rb:79:in `pre_process'
  (gem) thin-1.5.1/lib/thin/connection.rb:54:in `process'
  (gem) thin-1.5.1/lib/thin/connection.rb:39:in `receive_data'
  (gem) eventmachine-1.0.3/lib/eventmachine.rb:187:in `run'
  (gem) thin-1.5.1/lib/thin/backends/base.rb:63:in `start'
  (gem) thin-1.5.1/lib/thin/server.rb:159:in `start'
  (gem) rack-1.4.5/lib/rack/handler/thin.rb:13:in `run'
  (gem) rack-1.4.5/lib/rack/server.rb:268:in `start'
  (gem) railties-3.2.13/lib/rails/commands/server.rb:70:in `start'
  (gem) railties-3.2.13/lib/rails/commands.rb:55:in `block in <top (required)>'
  (gem) railties-3.2.13/lib/rails/commands.rb:50:in `<top (required)>'
  script/rails:6:in `<main>'
  script/rails:0:in `<main>'



Started POST "/__better_errors/70258367667920/variables" for 127.0.0.1 at 2013-05-16 16:25:00 +1000


Started GET "/" for 127.0.0.1 at 2013-05-16 16:25:15 +1000
  [1m[36mUser Load (0.2ms)[0m  [1mSELECT "users".* FROM "users" WHERE "users"."id" = 3 LIMIT 1[0m
Processing by HomeController#index as HTML
  [1m[35mUser Load (0.2ms)[0m  SELECT "users".* FROM "users" 
  [1m[36mPost Load (0.2ms)[0m  [1mSELECT "posts".* FROM "posts" ORDER BY posts.created_at DESC[0m
  [1m[35mComment Load (0.1ms)[0m  SELECT "comments".* FROM "comments" 
  [1m[36mUser Load (0.2ms)[0m  [1mSELECT "users".* FROM "users" WHERE "users"."id" = 1 LIMIT 1[0m
  [1m[35m (0.1ms)[0m  SELECT COUNT(*) FROM "votes" WHERE "votes"."votable_id" = 7 AND "votes"."votable_type" = 'Post' AND "votes"."vote_flag" = 't' AND "votes"."vote_scope" IS NULL
  [1m[36mCACHE (0.0ms)[0m  [1mSELECT "users".* FROM "users" WHERE "users"."id" = 1 LIMIT 1[0m
  [1m[35m (0.1ms)[0m  SELECT COUNT(*) FROM "votes" WHERE "votes"."votable_id" = 6 AND "votes"."votable_type" = 'Post' AND "votes"."vote_flag" = 't' AND "votes"."vote_scope" IS NULL
  [1m[36mCACHE (0.0ms)[0m  [1mSELECT "users".* FROM "users" WHERE "users"."id" = 1 LIMIT 1[0m
  [1m[35m (0.2ms)[0m  SELECT COUNT(*) FROM "votes" WHERE "votes"."votable_id" = 5 AND "votes"."votable_type" = 'Post' AND "votes"."vote_flag" = 't' AND "votes"."vote_scope" IS NULL
  [1m[36mCACHE (0.0ms)[0m  [1mSELECT "users".* FROM "users" WHERE "users"."id" = 1 LIMIT 1[0m
  [1m[35m (0.2ms)[0m  SELECT COUNT(*) FROM "votes" WHERE "votes"."votable_id" = 4 AND "votes"."votable_type" = 'Post' AND "votes"."vote_flag" = 't' AND "votes"."vote_scope" IS NULL
  [1m[36mCACHE (0.0ms)[0m  [1mSELECT "users".* FROM "users" WHERE "users"."id" = 1 LIMIT 1[0m
  [1m[35m (0.2ms)[0m  SELECT COUNT(*) FROM "votes" WHERE "votes"."votable_id" = 3 AND "votes"."votable_type" = 'Post' AND "votes"."vote_flag" = 't' AND "votes"."vote_scope" IS NULL
  [1m[36mCACHE (0.0ms)[0m  [1mSELECT "users".* FROM "users" WHERE "users"."id" = 1 LIMIT 1[0m
  [1m[35m (0.1ms)[0m  SELECT COUNT(*) FROM "votes" WHERE "votes"."votable_id" = 2 AND "votes"."votable_type" = 'Post' AND "votes"."vote_flag" = 't' AND "votes"."vote_scope" IS NULL
  [1m[36mCACHE (0.0ms)[0m  [1mSELECT "users".* FROM "users" WHERE "users"."id" = 1 LIMIT 1[0m
  [1m[35m (0.2ms)[0m  SELECT COUNT(*) FROM "votes" WHERE "votes"."votable_id" = 1 AND "votes"."votable_type" = 'Post' AND "votes"."vote_flag" = 't' AND "votes"."vote_scope" IS NULL
  Rendered home/index.html.erb within layouts/application (57.0ms)
Completed 500 Internal Server Error in 62ms

NoMethodError - undefined method `total_pages' for #<Array:0x007fcca1598628>:
  (gem) will_paginate-3.0.4/lib/will_paginate/view_helpers.rb:73:in `will_paginate'
  (gem) will_paginate-3.0.4/lib/will_paginate/view_helpers/action_view.rb:33:in `will_paginate'
  app/views/home/index.html.erb:124:in `_app_views_home_index_html_erb__1770324611764571945_70258428556760'
  (gem) actionpack-3.2.13/lib/action_view/template.rb:145:in `block in render'
  (gem) activesupport-3.2.13/lib/active_support/notifications.rb:125:in `instrument'
  (gem) actionpack-3.2.13/lib/action_view/template.rb:143:in `render'
  (gem) actionpack-3.2.13/lib/action_view/renderer/template_renderer.rb:47:in `block (2 levels) in render_template'
  (gem) actionpack-3.2.13/lib/action_view/renderer/abstract_renderer.rb:38:in `block in instrument'
  (gem) activesupport-3.2.13/lib/active_support/notifications.rb:123:in `block in instrument'
  (gem) activesupport-3.2.13/lib/active_support/notifications/instrumenter.rb:20:in `instrument'
  (gem) activesupport-3.2.13/lib/active_support/notifications.rb:123:in `instrument'
  (gem) actionpack-3.2.13/lib/action_view/renderer/abstract_renderer.rb:38:in `instrument'
  (gem) actionpack-3.2.13/lib/action_view/renderer/template_renderer.rb:46:in `block in render_template'
  (gem) actionpack-3.2.13/lib/action_view/renderer/template_renderer.rb:54:in `render_with_layout'
  (gem) actionpack-3.2.13/lib/action_view/renderer/template_renderer.rb:45:in `render_template'
  (gem) actionpack-3.2.13/lib/action_view/renderer/template_renderer.rb:18:in `render'
  (gem) actionpack-3.2.13/lib/action_view/renderer/renderer.rb:36:in `render_template'
  (gem) actionpack-3.2.13/lib/action_view/renderer/renderer.rb:17:in `render'
  (gem) actionpack-3.2.13/lib/abstract_controller/rendering.rb:110:in `_render_template'
  (gem) actionpack-3.2.13/lib/action_controller/metal/streaming.rb:225:in `_render_template'
  (gem) actionpack-3.2.13/lib/abstract_controller/rendering.rb:103:in `render_to_body'
  (gem) actionpack-3.2.13/lib/action_controller/metal/renderers.rb:28:in `render_to_body'
  (gem) actionpack-3.2.13/lib/action_controller/metal/compatibility.rb:50:in `render_to_body'
  (gem) actionpack-3.2.13/lib/abstract_controller/rendering.rb:88:in `render'
  (gem) actionpack-3.2.13/lib/action_controller/metal/rendering.rb:16:in `render'
  (gem) actionpack-3.2.13/lib/action_controller/metal/instrumentation.rb:40:in `block (2 levels) in render'
  (gem) activesupport-3.2.13/lib/active_support/core_ext/benchmark.rb:5:in `block in ms'
  /Users/Sherwyn/.rbenv/versions/1.9.3-p392/lib/ruby/1.9.1/benchmark.rb:295:in `realtime'
  (gem) activesupport-3.2.13/lib/active_support/core_ext/benchmark.rb:5:in `ms'
  (gem) actionpack-3.2.13/lib/action_controller/metal/instrumentation.rb:40:in `block in render'
  (gem) actionpack-3.2.13/lib/action_controller/metal/instrumentation.rb:83:in `cleanup_view_runtime'
  (gem) activerecord-3.2.13/lib/active_record/railties/controller_runtime.rb:24:in `cleanup_view_runtime'
  (gem) actionpack-3.2.13/lib/action_controller/metal/instrumentation.rb:39:in `render'
  (gem) actionpack-3.2.13/lib/action_controller/metal/implicit_render.rb:10:in `default_render'
  (gem) actionpack-3.2.13/lib/action_controller/metal/implicit_render.rb:5:in `send_action'
  (gem) actionpack-3.2.13/lib/abstract_controller/base.rb:167:in `process_action'
  (gem) actionpack-3.2.13/lib/action_controller/metal/rendering.rb:10:in `process_action'
  (gem) actionpack-3.2.13/lib/abstract_controller/callbacks.rb:18:in `block in process_action'
  (gem) activesupport-3.2.13/lib/active_support/callbacks.rb:414:in `_run__594891280237728729__process_action__712975931063986343__callbacks'
  (gem) activesupport-3.2.13/lib/active_support/callbacks.rb:405:in `__run_callback'
  (gem) activesupport-3.2.13/lib/active_support/callbacks.rb:385:in `_run_process_action_callbacks'
  (gem) activesupport-3.2.13/lib/active_support/callbacks.rb:81:in `run_callbacks'
  (gem) actionpack-3.2.13/lib/abstract_controller/callbacks.rb:17:in `process_action'
  (gem) actionpack-3.2.13/lib/action_controller/metal/rescue.rb:29:in `process_action'
  (gem) actionpack-3.2.13/lib/action_controller/metal/instrumentation.rb:30:in `block in process_action'
  (gem) activesupport-3.2.13/lib/active_support/notifications.rb:123:in `block in instrument'
  (gem) activesupport-3.2.13/lib/active_support/notifications/instrumenter.rb:20:in `instrument'
  (gem) activesupport-3.2.13/lib/active_support/notifications.rb:123:in `instrument'
  (gem) actionpack-3.2.13/lib/action_controller/metal/instrumentation.rb:29:in `process_action'
  (gem) actionpack-3.2.13/lib/action_controller/metal/params_wrapper.rb:207:in `process_action'
  (gem) activerecord-3.2.13/lib/active_record/railties/controller_runtime.rb:18:in `process_action'
  (gem) actionpack-3.2.13/lib/abstract_controller/base.rb:121:in `process'
  (gem) actionpack-3.2.13/lib/abstract_controller/rendering.rb:45:in `process'
  (gem) actionpack-3.2.13/lib/action_controller/metal.rb:203:in `dispatch'
  (gem) actionpack-3.2.13/lib/action_controller/metal/rack_delegation.rb:14:in `dispatch'
  (gem) actionpack-3.2.13/lib/action_controller/metal.rb:246:in `block in action'
  (gem) actionpack-3.2.13/lib/action_dispatch/routing/route_set.rb:73:in `dispatch'
  (gem) actionpack-3.2.13/lib/action_dispatch/routing/route_set.rb:36:in `call'
  (gem) actionpack-3.2.13/lib/action_dispatch/routing/mapper.rb:42:in `call'
  (gem) journey-1.0.4/lib/journey/router.rb:68:in `block in call'
  (gem) journey-1.0.4/lib/journey/router.rb:56:in `call'
  (gem) actionpack-3.2.13/lib/action_dispatch/routing/route_set.rb:612:in `call'
  (gem) omniauth-1.1.4/lib/omniauth/strategy.rb:184:in `call!'
  (gem) omniauth-1.1.4/lib/omniauth/strategy.rb:164:in `call'
  (gem) warden-1.2.1/lib/warden/manager.rb:35:in `block in call'
  (gem) warden-1.2.1/lib/warden/manager.rb:34:in `call'
  (gem) actionpack-3.2.13/lib/action_dispatch/middleware/best_standards_support.rb:17:in `call'
  (gem) rack-1.4.5/lib/rack/etag.rb:23:in `call'
  (gem) rack-1.4.5/lib/rack/conditionalget.rb:25:in `call'
  (gem) actionpack-3.2.13/lib/action_dispatch/middleware/head.rb:14:in `call'
  (gem) actionpack-3.2.13/lib/action_dispatch/middleware/params_parser.rb:21:in `call'
  (gem) actionpack-3.2.13/lib/action_dispatch/middleware/flash.rb:242:in `call'
  (gem) rack-1.4.5/lib/rack/session/abstract/id.rb:210:in `context'
  (gem) rack-1.4.5/lib/rack/session/abstract/id.rb:205:in `call'
  (gem) actionpack-3.2.13/lib/action_dispatch/middleware/cookies.rb:341:in `call'
  (gem) activerecord-3.2.13/lib/active_record/query_cache.rb:64:in `call'
  (gem) activerecord-3.2.13/lib/active_record/connection_adapters/abstract/connection_pool.rb:479:in `call'
  (gem) actionpack-3.2.13/lib/action_dispatch/middleware/callbacks.rb:28:in `block in call'
  (gem) activesupport-3.2.13/lib/active_support/callbacks.rb:405:in `_run__1334906525163995041__call__1814783617009206928__callbacks'
  (gem) activesupport-3.2.13/lib/active_support/callbacks.rb:405:in `__run_callback'
  (gem) activesupport-3.2.13/lib/active_support/callbacks.rb:385:in `_run_call_callbacks'
  (gem) activesupport-3.2.13/lib/active_support/callbacks.rb:81:in `run_callbacks'
  (gem) actionpack-3.2.13/lib/action_dispatch/middleware/callbacks.rb:27:in `call'
  (gem) actionpack-3.2.13/lib/action_dispatch/middleware/reloader.rb:65:in `call'
  (gem) actionpack-3.2.13/lib/action_dispatch/middleware/remote_ip.rb:31:in `call'
  (gem) better_errors-0.8.0/lib/better_errors/middleware.rb:84:in `protected_app_call'
  (gem) better_errors-0.8.0/lib/better_errors/middleware.rb:79:in `better_errors_call'
  (gem) better_errors-0.8.0/lib/better_errors/middleware.rb:56:in `call'
  (gem) actionpack-3.2.13/lib/action_dispatch/middleware/debug_exceptions.rb:16:in `call'
  (gem) actionpack-3.2.13/lib/action_dispatch/middleware/show_exceptions.rb:56:in `call'
  (gem) railties-3.2.13/lib/rails/rack/logger.rb:32:in `call_app'
  (gem) railties-3.2.13/lib/rails/rack/logger.rb:16:in `block in call'
  (gem) activesupport-3.2.13/lib/active_support/tagged_logging.rb:22:in `tagged'
  (gem) railties-3.2.13/lib/rails/rack/logger.rb:16:in `call'
  (gem) quiet_assets-1.0.2/lib/quiet_assets.rb:18:in `call_with_quiet_assets'
  (gem) actionpack-3.2.13/lib/action_dispatch/middleware/request_id.rb:22:in `call'
  (gem) rack-1.4.5/lib/rack/methodoverride.rb:21:in `call'
  (gem) rack-1.4.5/lib/rack/runtime.rb:17:in `call'
  (gem) activesupport-3.2.13/lib/active_support/cache/strategy/local_cache.rb:72:in `call'
  (gem) rack-1.4.5/lib/rack/lock.rb:15:in `call'
  (gem) actionpack-3.2.13/lib/action_dispatch/middleware/static.rb:63:in `call'
  (gem) railties-3.2.13/lib/rails/engine.rb:479:in `call'
  (gem) railties-3.2.13/lib/rails/application.rb:223:in `call'
  (gem) rack-1.4.5/lib/rack/content_length.rb:14:in `call'
  (gem) railties-3.2.13/lib/rails/rack/log_tailer.rb:17:in `call'
  (gem) thin-1.5.1/lib/thin/connection.rb:81:in `block in pre_process'
  (gem) thin-1.5.1/lib/thin/connection.rb:79:in `pre_process'
  (gem) thin-1.5.1/lib/thin/connection.rb:54:in `process'
  (gem) thin-1.5.1/lib/thin/connection.rb:39:in `receive_data'
  (gem) eventmachine-1.0.3/lib/eventmachine.rb:187:in `run'
  (gem) thin-1.5.1/lib/thin/backends/base.rb:63:in `start'
  (gem) thin-1.5.1/lib/thin/server.rb:159:in `start'
  (gem) rack-1.4.5/lib/rack/handler/thin.rb:13:in `run'
  (gem) rack-1.4.5/lib/rack/server.rb:268:in `start'
  (gem) railties-3.2.13/lib/rails/commands/server.rb:70:in `start'
  (gem) railties-3.2.13/lib/rails/commands.rb:55:in `block in <top (required)>'
  (gem) railties-3.2.13/lib/rails/commands.rb:50:in `<top (required)>'
  script/rails:6:in `<main>'
  script/rails:0:in `<main>'



Started POST "/__better_errors/70258367231900/variables" for 127.0.0.1 at 2013-05-16 16:25:15 +1000


Started GET "/" for 127.0.0.1 at 2013-05-16 16:25:23 +1000
  [1m[36mUser Load (0.2ms)[0m  [1mSELECT "users".* FROM "users" WHERE "users"."id" = 3 LIMIT 1[0m
Processing by HomeController#index as HTML
  [1m[35mUser Load (0.2ms)[0m  SELECT "users".* FROM "users" 
  [1m[36mPost Load (0.2ms)[0m  [1mSELECT "posts".* FROM "posts" ORDER BY posts.created_at DESC[0m
  [1m[35mComment Load (0.1ms)[0m  SELECT "comments".* FROM "comments" 
  [1m[36mUser Load (0.2ms)[0m  [1mSELECT "users".* FROM "users" WHERE "users"."id" = 1 LIMIT 1[0m
  [1m[35m (0.1ms)[0m  SELECT COUNT(*) FROM "votes" WHERE "votes"."votable_id" = 7 AND "votes"."votable_type" = 'Post' AND "votes"."vote_flag" = 't' AND "votes"."vote_scope" IS NULL
  [1m[36mCACHE (0.0ms)[0m  [1mSELECT "users".* FROM "users" WHERE "users"."id" = 1 LIMIT 1[0m
  [1m[35m (0.1ms)[0m  SELECT COUNT(*) FROM "votes" WHERE "votes"."votable_id" = 6 AND "votes"."votable_type" = 'Post' AND "votes"."vote_flag" = 't' AND "votes"."vote_scope" IS NULL
  [1m[36mCACHE (0.0ms)[0m  [1mSELECT "users".* FROM "users" WHERE "users"."id" = 1 LIMIT 1[0m
  [1m[35m (0.1ms)[0m  SELECT COUNT(*) FROM "votes" WHERE "votes"."votable_id" = 5 AND "votes"."votable_type" = 'Post' AND "votes"."vote_flag" = 't' AND "votes"."vote_scope" IS NULL
  [1m[36mCACHE (0.0ms)[0m  [1mSELECT "users".* FROM "users" WHERE "users"."id" = 1 LIMIT 1[0m
  [1m[35m (0.1ms)[0m  SELECT COUNT(*) FROM "votes" WHERE "votes"."votable_id" = 4 AND "votes"."votable_type" = 'Post' AND "votes"."vote_flag" = 't' AND "votes"."vote_scope" IS NULL
  [1m[36mCACHE (0.0ms)[0m  [1mSELECT "users".* FROM "users" WHERE "users"."id" = 1 LIMIT 1[0m
  [1m[35m (0.1ms)[0m  SELECT COUNT(*) FROM "votes" WHERE "votes"."votable_id" = 3 AND "votes"."votable_type" = 'Post' AND "votes"."vote_flag" = 't' AND "votes"."vote_scope" IS NULL
  [1m[36mCACHE (0.0ms)[0m  [1mSELECT "users".* FROM "users" WHERE "users"."id" = 1 LIMIT 1[0m
  [1m[35m (0.2ms)[0m  SELECT COUNT(*) FROM "votes" WHERE "votes"."votable_id" = 2 AND "votes"."votable_type" = 'Post' AND "votes"."vote_flag" = 't' AND "votes"."vote_scope" IS NULL
  [1m[36mCACHE (0.0ms)[0m  [1mSELECT "users".* FROM "users" WHERE "users"."id" = 1 LIMIT 1[0m
  [1m[35m (0.1ms)[0m  SELECT COUNT(*) FROM "votes" WHERE "votes"."votable_id" = 1 AND "votes"."votable_type" = 'Post' AND "votes"."vote_flag" = 't' AND "votes"."vote_scope" IS NULL
  Rendered home/index.html.erb within layouts/application (23.8ms)
Completed 500 Internal Server Error in 29ms

NoMethodError - undefined method `posts' for nil:NilClass:
  app/views/home/index.html.erb:124:in `_app_views_home_index_html_erb__1770324611764571945_70258428727700'
  (gem) actionpack-3.2.13/lib/action_view/template.rb:145:in `block in render'
  (gem) activesupport-3.2.13/lib/active_support/notifications.rb:125:in `instrument'
  (gem) actionpack-3.2.13/lib/action_view/template.rb:143:in `render'
  (gem) actionpack-3.2.13/lib/action_view/renderer/template_renderer.rb:47:in `block (2 levels) in render_template'
  (gem) actionpack-3.2.13/lib/action_view/renderer/abstract_renderer.rb:38:in `block in instrument'
  (gem) activesupport-3.2.13/lib/active_support/notifications.rb:123:in `block in instrument'
  (gem) activesupport-3.2.13/lib/active_support/notifications/instrumenter.rb:20:in `instrument'
  (gem) activesupport-3.2.13/lib/active_support/notifications.rb:123:in `instrument'
  (gem) actionpack-3.2.13/lib/action_view/renderer/abstract_renderer.rb:38:in `instrument'
  (gem) actionpack-3.2.13/lib/action_view/renderer/template_renderer.rb:46:in `block in render_template'
  (gem) actionpack-3.2.13/lib/action_view/renderer/template_renderer.rb:54:in `render_with_layout'
  (gem) actionpack-3.2.13/lib/action_view/renderer/template_renderer.rb:45:in `render_template'
  (gem) actionpack-3.2.13/lib/action_view/renderer/template_renderer.rb:18:in `render'
  (gem) actionpack-3.2.13/lib/action_view/renderer/renderer.rb:36:in `render_template'
  (gem) actionpack-3.2.13/lib/action_view/renderer/renderer.rb:17:in `render'
  (gem) actionpack-3.2.13/lib/abstract_controller/rendering.rb:110:in `_render_template'
  (gem) actionpack-3.2.13/lib/action_controller/metal/streaming.rb:225:in `_render_template'
  (gem) actionpack-3.2.13/lib/abstract_controller/rendering.rb:103:in `render_to_body'
  (gem) actionpack-3.2.13/lib/action_controller/metal/renderers.rb:28:in `render_to_body'
  (gem) actionpack-3.2.13/lib/action_controller/metal/compatibility.rb:50:in `render_to_body'
  (gem) actionpack-3.2.13/lib/abstract_controller/rendering.rb:88:in `render'
  (gem) actionpack-3.2.13/lib/action_controller/metal/rendering.rb:16:in `render'
  (gem) actionpack-3.2.13/lib/action_controller/metal/instrumentation.rb:40:in `block (2 levels) in render'
  (gem) activesupport-3.2.13/lib/active_support/core_ext/benchmark.rb:5:in `block in ms'
  /Users/Sherwyn/.rbenv/versions/1.9.3-p392/lib/ruby/1.9.1/benchmark.rb:295:in `realtime'
  (gem) activesupport-3.2.13/lib/active_support/core_ext/benchmark.rb:5:in `ms'
  (gem) actionpack-3.2.13/lib/action_controller/metal/instrumentation.rb:40:in `block in render'
  (gem) actionpack-3.2.13/lib/action_controller/metal/instrumentation.rb:83:in `cleanup_view_runtime'
  (gem) activerecord-3.2.13/lib/active_record/railties/controller_runtime.rb:24:in `cleanup_view_runtime'
  (gem) actionpack-3.2.13/lib/action_controller/metal/instrumentation.rb:39:in `render'
  (gem) actionpack-3.2.13/lib/action_controller/metal/implicit_render.rb:10:in `default_render'
  (gem) actionpack-3.2.13/lib/action_controller/metal/implicit_render.rb:5:in `send_action'
  (gem) actionpack-3.2.13/lib/abstract_controller/base.rb:167:in `process_action'
  (gem) actionpack-3.2.13/lib/action_controller/metal/rendering.rb:10:in `process_action'
  (gem) actionpack-3.2.13/lib/abstract_controller/callbacks.rb:18:in `block in process_action'
  (gem) activesupport-3.2.13/lib/active_support/callbacks.rb:414:in `_run__594891280237728729__process_action__712975931063986343__callbacks'
  (gem) activesupport-3.2.13/lib/active_support/callbacks.rb:405:in `__run_callback'
  (gem) activesupport-3.2.13/lib/active_support/callbacks.rb:385:in `_run_process_action_callbacks'
  (gem) activesupport-3.2.13/lib/active_support/callbacks.rb:81:in `run_callbacks'
  (gem) actionpack-3.2.13/lib/abstract_controller/callbacks.rb:17:in `process_action'
  (gem) actionpack-3.2.13/lib/action_controller/metal/rescue.rb:29:in `process_action'
  (gem) actionpack-3.2.13/lib/action_controller/metal/instrumentation.rb:30:in `block in process_action'
  (gem) activesupport-3.2.13/lib/active_support/notifications.rb:123:in `block in instrument'
  (gem) activesupport-3.2.13/lib/active_support/notifications/instrumenter.rb:20:in `instrument'
  (gem) activesupport-3.2.13/lib/active_support/notifications.rb:123:in `instrument'
  (gem) actionpack-3.2.13/lib/action_controller/metal/instrumentation.rb:29:in `process_action'
  (gem) actionpack-3.2.13/lib/action_controller/metal/params_wrapper.rb:207:in `process_action'
  (gem) activerecord-3.2.13/lib/active_record/railties/controller_runtime.rb:18:in `process_action'
  (gem) actionpack-3.2.13/lib/abstract_controller/base.rb:121:in `process'
  (gem) actionpack-3.2.13/lib/abstract_controller/rendering.rb:45:in `process'
  (gem) actionpack-3.2.13/lib/action_controller/metal.rb:203:in `dispatch'
  (gem) actionpack-3.2.13/lib/action_controller/metal/rack_delegation.rb:14:in `dispatch'
  (gem) actionpack-3.2.13/lib/action_controller/metal.rb:246:in `block in action'
  (gem) actionpack-3.2.13/lib/action_dispatch/routing/route_set.rb:73:in `dispatch'
  (gem) actionpack-3.2.13/lib/action_dispatch/routing/route_set.rb:36:in `call'
  (gem) actionpack-3.2.13/lib/action_dispatch/routing/mapper.rb:42:in `call'
  (gem) journey-1.0.4/lib/journey/router.rb:68:in `block in call'
  (gem) journey-1.0.4/lib/journey/router.rb:56:in `call'
  (gem) actionpack-3.2.13/lib/action_dispatch/routing/route_set.rb:612:in `call'
  (gem) omniauth-1.1.4/lib/omniauth/strategy.rb:184:in `call!'
  (gem) omniauth-1.1.4/lib/omniauth/strategy.rb:164:in `call'
  (gem) warden-1.2.1/lib/warden/manager.rb:35:in `block in call'
  (gem) warden-1.2.1/lib/warden/manager.rb:34:in `call'
  (gem) actionpack-3.2.13/lib/action_dispatch/middleware/best_standards_support.rb:17:in `call'
  (gem) rack-1.4.5/lib/rack/etag.rb:23:in `call'
  (gem) rack-1.4.5/lib/rack/conditionalget.rb:25:in `call'
  (gem) actionpack-3.2.13/lib/action_dispatch/middleware/head.rb:14:in `call'
  (gem) actionpack-3.2.13/lib/action_dispatch/middleware/params_parser.rb:21:in `call'
  (gem) actionpack-3.2.13/lib/action_dispatch/middleware/flash.rb:242:in `call'
  (gem) rack-1.4.5/lib/rack/session/abstract/id.rb:210:in `context'
  (gem) rack-1.4.5/lib/rack/session/abstract/id.rb:205:in `call'
  (gem) actionpack-3.2.13/lib/action_dispatch/middleware/cookies.rb:341:in `call'
  (gem) activerecord-3.2.13/lib/active_record/query_cache.rb:64:in `call'
  (gem) activerecord-3.2.13/lib/active_record/connection_adapters/abstract/connection_pool.rb:479:in `call'
  (gem) actionpack-3.2.13/lib/action_dispatch/middleware/callbacks.rb:28:in `block in call'
  (gem) activesupport-3.2.13/lib/active_support/callbacks.rb:405:in `_run__1334906525163995041__call__1814783617009206928__callbacks'
  (gem) activesupport-3.2.13/lib/active_support/callbacks.rb:405:in `__run_callback'
  (gem) activesupport-3.2.13/lib/active_support/callbacks.rb:385:in `_run_call_callbacks'
  (gem) activesupport-3.2.13/lib/active_support/callbacks.rb:81:in `run_callbacks'
  (gem) actionpack-3.2.13/lib/action_dispatch/middleware/callbacks.rb:27:in `call'
  (gem) actionpack-3.2.13/lib/action_dispatch/middleware/reloader.rb:65:in `call'
  (gem) actionpack-3.2.13/lib/action_dispatch/middleware/remote_ip.rb:31:in `call'
  (gem) better_errors-0.8.0/lib/better_errors/middleware.rb:84:in `protected_app_call'
  (gem) better_errors-0.8.0/lib/better_errors/middleware.rb:79:in `better_errors_call'
  (gem) better_errors-0.8.0/lib/better_errors/middleware.rb:56:in `call'
  (gem) actionpack-3.2.13/lib/action_dispatch/middleware/debug_exceptions.rb:16:in `call'
  (gem) actionpack-3.2.13/lib/action_dispatch/middleware/show_exceptions.rb:56:in `call'
  (gem) railties-3.2.13/lib/rails/rack/logger.rb:32:in `call_app'
  (gem) railties-3.2.13/lib/rails/rack/logger.rb:16:in `block in call'
  (gem) activesupport-3.2.13/lib/active_support/tagged_logging.rb:22:in `tagged'
  (gem) railties-3.2.13/lib/rails/rack/logger.rb:16:in `call'
  (gem) quiet_assets-1.0.2/lib/quiet_assets.rb:18:in `call_with_quiet_assets'
  (gem) actionpack-3.2.13/lib/action_dispatch/middleware/request_id.rb:22:in `call'
  (gem) rack-1.4.5/lib/rack/methodoverride.rb:21:in `call'
  (gem) rack-1.4.5/lib/rack/runtime.rb:17:in `call'
  (gem) activesupport-3.2.13/lib/active_support/cache/strategy/local_cache.rb:72:in `call'
  (gem) rack-1.4.5/lib/rack/lock.rb:15:in `call'
  (gem) actionpack-3.2.13/lib/action_dispatch/middleware/static.rb:63:in `call'
  (gem) railties-3.2.13/lib/rails/engine.rb:479:in `call'
  (gem) railties-3.2.13/lib/rails/application.rb:223:in `call'
  (gem) rack-1.4.5/lib/rack/content_length.rb:14:in `call'
  (gem) railties-3.2.13/lib/rails/rack/log_tailer.rb:17:in `call'
  (gem) thin-1.5.1/lib/thin/connection.rb:81:in `block in pre_process'
  (gem) thin-1.5.1/lib/thin/connection.rb:79:in `pre_process'
  (gem) thin-1.5.1/lib/thin/connection.rb:54:in `process'
  (gem) thin-1.5.1/lib/thin/connection.rb:39:in `receive_data'
  (gem) eventmachine-1.0.3/lib/eventmachine.rb:187:in `run'
  (gem) thin-1.5.1/lib/thin/backends/base.rb:63:in `start'
  (gem) thin-1.5.1/lib/thin/server.rb:159:in `start'
  (gem) rack-1.4.5/lib/rack/handler/thin.rb:13:in `run'
  (gem) rack-1.4.5/lib/rack/server.rb:268:in `start'
  (gem) railties-3.2.13/lib/rails/commands/server.rb:70:in `start'
  (gem) railties-3.2.13/lib/rails/commands.rb:55:in `block in <top (required)>'
  (gem) railties-3.2.13/lib/rails/commands.rb:50:in `<top (required)>'
  script/rails:6:in `<main>'
  script/rails:0:in `<main>'



Started POST "/__better_errors/70258427621340/variables" for 127.0.0.1 at 2013-05-16 16:25:23 +1000


Started GET "/" for 127.0.0.1 at 2013-05-16 16:25:58 +1000
  [1m[36mUser Load (0.2ms)[0m  [1mSELECT "users".* FROM "users" WHERE "users"."id" = 3 LIMIT 1[0m
Processing by HomeController#index as HTML
  [1m[35mUser Load (0.2ms)[0m  SELECT "users".* FROM "users" 
  [1m[36mPost Load (0.2ms)[0m  [1mSELECT "posts".* FROM "posts" ORDER BY posts.created_at DESC[0m
  [1m[35mComment Load (0.1ms)[0m  SELECT "comments".* FROM "comments" 
  [1m[36mPost Load (0.2ms)[0m  [1mSELECT "posts".* FROM "posts" ORDER BY posts.created_at DESC LIMIT 3 OFFSET 0[0m
  [1m[35m (0.1ms)[0m  SELECT COUNT(*) FROM "posts" 
  [1m[36mUser Load (0.1ms)[0m  [1mSELECT "users".* FROM "users" WHERE "users"."id" = 1 LIMIT 1[0m
  [1m[35m (0.1ms)[0m  SELECT COUNT(*) FROM "votes" WHERE "votes"."votable_id" = 7 AND "votes"."votable_type" = 'Post' AND "votes"."vote_flag" = 't' AND "votes"."vote_scope" IS NULL
  [1m[36mCACHE (0.0ms)[0m  [1mSELECT "users".* FROM "users" WHERE "users"."id" = 1 LIMIT 1[0m
  [1m[35m (0.1ms)[0m  SELECT COUNT(*) FROM "votes" WHERE "votes"."votable_id" = 6 AND "votes"."votable_type" = 'Post' AND "votes"."vote_flag" = 't' AND "votes"."vote_scope" IS NULL
  [1m[36mCACHE (0.0ms)[0m  [1mSELECT "users".* FROM "users" WHERE "users"."id" = 1 LIMIT 1[0m
  [1m[35m (0.1ms)[0m  SELECT COUNT(*) FROM "votes" WHERE "votes"."votable_id" = 5 AND "votes"."votable_type" = 'Post' AND "votes"."vote_flag" = 't' AND "votes"."vote_scope" IS NULL
  Rendered home/index.html.erb within layouts/application (15.7ms)
Completed 500 Internal Server Error in 92ms

NoMethodError - undefined method `posts' for nil:NilClass:
  app/views/home/index.html.erb:124:in `_app_views_home_index_html_erb__1770324611764571945_70258428727700'
  (gem) actionpack-3.2.13/lib/action_view/template.rb:145:in `block in render'
  (gem) activesupport-3.2.13/lib/active_support/notifications.rb:125:in `instrument'
  (gem) actionpack-3.2.13/lib/action_view/template.rb:143:in `render'
  (gem) actionpack-3.2.13/lib/action_view/renderer/template_renderer.rb:47:in `block (2 levels) in render_template'
  (gem) actionpack-3.2.13/lib/action_view/renderer/abstract_renderer.rb:38:in `block in instrument'
  (gem) activesupport-3.2.13/lib/active_support/notifications.rb:123:in `block in instrument'
  (gem) activesupport-3.2.13/lib/active_support/notifications/instrumenter.rb:20:in `instrument'
  (gem) activesupport-3.2.13/lib/active_support/notifications.rb:123:in `instrument'
  (gem) actionpack-3.2.13/lib/action_view/renderer/abstract_renderer.rb:38:in `instrument'
  (gem) actionpack-3.2.13/lib/action_view/renderer/template_renderer.rb:46:in `block in render_template'
  (gem) actionpack-3.2.13/lib/action_view/renderer/template_renderer.rb:54:in `render_with_layout'
  (gem) actionpack-3.2.13/lib/action_view/renderer/template_renderer.rb:45:in `render_template'
  (gem) actionpack-3.2.13/lib/action_view/renderer/template_renderer.rb:18:in `render'
  (gem) actionpack-3.2.13/lib/action_view/renderer/renderer.rb:36:in `render_template'
  (gem) actionpack-3.2.13/lib/action_view/renderer/renderer.rb:17:in `render'
  (gem) actionpack-3.2.13/lib/abstract_controller/rendering.rb:110:in `_render_template'
  (gem) actionpack-3.2.13/lib/action_controller/metal/streaming.rb:225:in `_render_template'
  (gem) actionpack-3.2.13/lib/abstract_controller/rendering.rb:103:in `render_to_body'
  (gem) actionpack-3.2.13/lib/action_controller/metal/renderers.rb:28:in `render_to_body'
  (gem) actionpack-3.2.13/lib/action_controller/metal/compatibility.rb:50:in `render_to_body'
  (gem) actionpack-3.2.13/lib/abstract_controller/rendering.rb:88:in `render'
  (gem) actionpack-3.2.13/lib/action_controller/metal/rendering.rb:16:in `render'
  (gem) actionpack-3.2.13/lib/action_controller/metal/instrumentation.rb:40:in `block (2 levels) in render'
  (gem) activesupport-3.2.13/lib/active_support/core_ext/benchmark.rb:5:in `block in ms'
  /Users/Sherwyn/.rbenv/versions/1.9.3-p392/lib/ruby/1.9.1/benchmark.rb:295:in `realtime'
  (gem) activesupport-3.2.13/lib/active_support/core_ext/benchmark.rb:5:in `ms'
  (gem) actionpack-3.2.13/lib/action_controller/metal/instrumentation.rb:40:in `block in render'
  (gem) actionpack-3.2.13/lib/action_controller/metal/instrumentation.rb:83:in `cleanup_view_runtime'
  (gem) activerecord-3.2.13/lib/active_record/railties/controller_runtime.rb:24:in `cleanup_view_runtime'
  (gem) actionpack-3.2.13/lib/action_controller/metal/instrumentation.rb:39:in `render'
  (gem) actionpack-3.2.13/lib/action_controller/metal/implicit_render.rb:10:in `default_render'
  (gem) actionpack-3.2.13/lib/action_controller/metal/implicit_render.rb:5:in `send_action'
  (gem) actionpack-3.2.13/lib/abstract_controller/base.rb:167:in `process_action'
  (gem) actionpack-3.2.13/lib/action_controller/metal/rendering.rb:10:in `process_action'
  (gem) actionpack-3.2.13/lib/abstract_controller/callbacks.rb:18:in `block in process_action'
  (gem) activesupport-3.2.13/lib/active_support/callbacks.rb:414:in `_run__594891280237728729__process_action__712975931063986343__callbacks'
  (gem) activesupport-3.2.13/lib/active_support/callbacks.rb:405:in `__run_callback'
  (gem) activesupport-3.2.13/lib/active_support/callbacks.rb:385:in `_run_process_action_callbacks'
  (gem) activesupport-3.2.13/lib/active_support/callbacks.rb:81:in `run_callbacks'
  (gem) actionpack-3.2.13/lib/abstract_controller/callbacks.rb:17:in `process_action'
  (gem) actionpack-3.2.13/lib/action_controller/metal/rescue.rb:29:in `process_action'
  (gem) actionpack-3.2.13/lib/action_controller/metal/instrumentation.rb:30:in `block in process_action'
  (gem) activesupport-3.2.13/lib/active_support/notifications.rb:123:in `block in instrument'
  (gem) activesupport-3.2.13/lib/active_support/notifications/instrumenter.rb:20:in `instrument'
  (gem) activesupport-3.2.13/lib/active_support/notifications.rb:123:in `instrument'
  (gem) actionpack-3.2.13/lib/action_controller/metal/instrumentation.rb:29:in `process_action'
  (gem) actionpack-3.2.13/lib/action_controller/metal/params_wrapper.rb:207:in `process_action'
  (gem) activerecord-3.2.13/lib/active_record/railties/controller_runtime.rb:18:in `process_action'
  (gem) actionpack-3.2.13/lib/abstract_controller/base.rb:121:in `process'
  (gem) actionpack-3.2.13/lib/abstract_controller/rendering.rb:45:in `process'
  (gem) actionpack-3.2.13/lib/action_controller/metal.rb:203:in `dispatch'
  (gem) actionpack-3.2.13/lib/action_controller/metal/rack_delegation.rb:14:in `dispatch'
  (gem) actionpack-3.2.13/lib/action_controller/metal.rb:246:in `block in action'
  (gem) actionpack-3.2.13/lib/action_dispatch/routing/route_set.rb:73:in `dispatch'
  (gem) actionpack-3.2.13/lib/action_dispatch/routing/route_set.rb:36:in `call'
  (gem) actionpack-3.2.13/lib/action_dispatch/routing/mapper.rb:42:in `call'
  (gem) journey-1.0.4/lib/journey/router.rb:68:in `block in call'
  (gem) journey-1.0.4/lib/journey/router.rb:56:in `call'
  (gem) actionpack-3.2.13/lib/action_dispatch/routing/route_set.rb:612:in `call'
  (gem) omniauth-1.1.4/lib/omniauth/strategy.rb:184:in `call!'
  (gem) omniauth-1.1.4/lib/omniauth/strategy.rb:164:in `call'
  (gem) warden-1.2.1/lib/warden/manager.rb:35:in `block in call'
  (gem) warden-1.2.1/lib/warden/manager.rb:34:in `call'
  (gem) actionpack-3.2.13/lib/action_dispatch/middleware/best_standards_support.rb:17:in `call'
  (gem) rack-1.4.5/lib/rack/etag.rb:23:in `call'
  (gem) rack-1.4.5/lib/rack/conditionalget.rb:25:in `call'
  (gem) actionpack-3.2.13/lib/action_dispatch/middleware/head.rb:14:in `call'
  (gem) actionpack-3.2.13/lib/action_dispatch/middleware/params_parser.rb:21:in `call'
  (gem) actionpack-3.2.13/lib/action_dispatch/middleware/flash.rb:242:in `call'
  (gem) rack-1.4.5/lib/rack/session/abstract/id.rb:210:in `context'
  (gem) rack-1.4.5/lib/rack/session/abstract/id.rb:205:in `call'
  (gem) actionpack-3.2.13/lib/action_dispatch/middleware/cookies.rb:341:in `call'
  (gem) activerecord-3.2.13/lib/active_record/query_cache.rb:64:in `call'
  (gem) activerecord-3.2.13/lib/active_record/connection_adapters/abstract/connection_pool.rb:479:in `call'
  (gem) actionpack-3.2.13/lib/action_dispatch/middleware/callbacks.rb:28:in `block in call'
  (gem) activesupport-3.2.13/lib/active_support/callbacks.rb:405:in `_run__1334906525163995041__call__1814783617009206928__callbacks'
  (gem) activesupport-3.2.13/lib/active_support/callbacks.rb:405:in `__run_callback'
  (gem) activesupport-3.2.13/lib/active_support/callbacks.rb:385:in `_run_call_callbacks'
  (gem) activesupport-3.2.13/lib/active_support/callbacks.rb:81:in `run_callbacks'
  (gem) actionpack-3.2.13/lib/action_dispatch/middleware/callbacks.rb:27:in `call'
  (gem) actionpack-3.2.13/lib/action_dispatch/middleware/reloader.rb:65:in `call'
  (gem) actionpack-3.2.13/lib/action_dispatch/middleware/remote_ip.rb:31:in `call'
  (gem) better_errors-0.8.0/lib/better_errors/middleware.rb:84:in `protected_app_call'
  (gem) better_errors-0.8.0/lib/better_errors/middleware.rb:79:in `better_errors_call'
  (gem) better_errors-0.8.0/lib/better_errors/middleware.rb:56:in `call'
  (gem) actionpack-3.2.13/lib/action_dispatch/middleware/debug_exceptions.rb:16:in `call'
  (gem) actionpack-3.2.13/lib/action_dispatch/middleware/show_exceptions.rb:56:in `call'
  (gem) railties-3.2.13/lib/rails/rack/logger.rb:32:in `call_app'
  (gem) railties-3.2.13/lib/rails/rack/logger.rb:16:in `block in call'
  (gem) activesupport-3.2.13/lib/active_support/tagged_logging.rb:22:in `tagged'
  (gem) railties-3.2.13/lib/rails/rack/logger.rb:16:in `call'
  (gem) quiet_assets-1.0.2/lib/quiet_assets.rb:18:in `call_with_quiet_assets'
  (gem) actionpack-3.2.13/lib/action_dispatch/middleware/request_id.rb:22:in `call'
  (gem) rack-1.4.5/lib/rack/methodoverride.rb:21:in `call'
  (gem) rack-1.4.5/lib/rack/runtime.rb:17:in `call'
  (gem) activesupport-3.2.13/lib/active_support/cache/strategy/local_cache.rb:72:in `call'
  (gem) rack-1.4.5/lib/rack/lock.rb:15:in `call'
  (gem) actionpack-3.2.13/lib/action_dispatch/middleware/static.rb:63:in `call'
  (gem) railties-3.2.13/lib/rails/engine.rb:479:in `call'
  (gem) railties-3.2.13/lib/rails/application.rb:223:in `call'
  (gem) rack-1.4.5/lib/rack/content_length.rb:14:in `call'
  (gem) railties-3.2.13/lib/rails/rack/log_tailer.rb:17:in `call'
  (gem) thin-1.5.1/lib/thin/connection.rb:81:in `block in pre_process'
  (gem) thin-1.5.1/lib/thin/connection.rb:79:in `pre_process'
  (gem) thin-1.5.1/lib/thin/connection.rb:54:in `process'
  (gem) thin-1.5.1/lib/thin/connection.rb:39:in `receive_data'
  (gem) eventmachine-1.0.3/lib/eventmachine.rb:187:in `run'
  (gem) thin-1.5.1/lib/thin/backends/base.rb:63:in `start'
  (gem) thin-1.5.1/lib/thin/server.rb:159:in `start'
  (gem) rack-1.4.5/lib/rack/handler/thin.rb:13:in `run'
  (gem) rack-1.4.5/lib/rack/server.rb:268:in `start'
  (gem) railties-3.2.13/lib/rails/commands/server.rb:70:in `start'
  (gem) railties-3.2.13/lib/rails/commands.rb:55:in `block in <top (required)>'
  (gem) railties-3.2.13/lib/rails/commands.rb:50:in `<top (required)>'
  script/rails:6:in `<main>'
  script/rails:0:in `<main>'



Started POST "/__better_errors/70258419551700/variables" for 127.0.0.1 at 2013-05-16 16:25:58 +1000


Started GET "/" for 127.0.0.1 at 2013-05-16 16:26:05 +1000
  [1m[36mUser Load (0.3ms)[0m  [1mSELECT "users".* FROM "users" WHERE "users"."id" = 3 LIMIT 1[0m
Processing by HomeController#index as HTML
  [1m[35mUser Load (0.2ms)[0m  SELECT "users".* FROM "users" 
  [1m[36mPost Load (0.2ms)[0m  [1mSELECT "posts".* FROM "posts" ORDER BY posts.created_at DESC[0m
  [1m[35mComment Load (0.1ms)[0m  SELECT "comments".* FROM "comments" 
  [1m[36mPost Load (0.5ms)[0m  [1mSELECT "posts".* FROM "posts" ORDER BY posts.created_at DESC LIMIT 3 OFFSET 0[0m
  [1m[35m (0.2ms)[0m  SELECT COUNT(*) FROM "posts" 
  [1m[36mUser Load (0.2ms)[0m  [1mSELECT "users".* FROM "users" WHERE "users"."id" = 1 LIMIT 1[0m
  [1m[35m (0.2ms)[0m  SELECT COUNT(*) FROM "votes" WHERE "votes"."votable_id" = 7 AND "votes"."votable_type" = 'Post' AND "votes"."vote_flag" = 't' AND "votes"."vote_scope" IS NULL
  [1m[36mCACHE (0.0ms)[0m  [1mSELECT "users".* FROM "users" WHERE "users"."id" = 1 LIMIT 1[0m
  [1m[35m (0.1ms)[0m  SELECT COUNT(*) FROM "votes" WHERE "votes"."votable_id" = 6 AND "votes"."votable_type" = 'Post' AND "votes"."vote_flag" = 't' AND "votes"."vote_scope" IS NULL
  [1m[36mCACHE (0.0ms)[0m  [1mSELECT "users".* FROM "users" WHERE "users"."id" = 1 LIMIT 1[0m
  [1m[35m (0.1ms)[0m  SELECT COUNT(*) FROM "votes" WHERE "votes"."votable_id" = 5 AND "votes"."votable_type" = 'Post' AND "votes"."vote_flag" = 't' AND "votes"."vote_scope" IS NULL
  Rendered home/index.html.erb within layouts/application (25.4ms)
  Rendered layouts/_navigation.html.erb (0.3ms)
  Rendered layouts/_messages.html.erb (0.4ms)
  Rendered layouts/_footer.html.erb (0.4ms)
Completed 200 OK in 411ms (Views: 406.6ms | ActiveRecord: 1.8ms)

ActionController::RoutingError (No route matches [GET] "/assets/javascripts/templates.js"):
  actionpack (3.2.13) lib/action_dispatch/middleware/debug_exceptions.rb:21:in `call'
  actionpack (3.2.13) lib/action_dispatch/middleware/show_exceptions.rb:56:in `call'
  railties (3.2.13) lib/rails/rack/logger.rb:32:in `call_app'
  railties (3.2.13) lib/rails/rack/logger.rb:16:in `block in call'
  activesupport (3.2.13) lib/active_support/tagged_logging.rb:22:in `tagged'
  railties (3.2.13) lib/rails/rack/logger.rb:16:in `call'
  quiet_assets (1.0.2) lib/quiet_assets.rb:18:in `call_with_quiet_assets'
  actionpack (3.2.13) lib/action_dispatch/middleware/request_id.rb:22:in `call'
  rack (1.4.5) lib/rack/methodoverride.rb:21:in `call'
  rack (1.4.5) lib/rack/runtime.rb:17:in `call'
  activesupport (3.2.13) lib/active_support/cache/strategy/local_cache.rb:72:in `call'
  rack (1.4.5) lib/rack/lock.rb:15:in `call'
  actionpack (3.2.13) lib/action_dispatch/middleware/static.rb:63:in `call'
  railties (3.2.13) lib/rails/engine.rb:479:in `call'
  railties (3.2.13) lib/rails/application.rb:223:in `call'
  rack (1.4.5) lib/rack/content_length.rb:14:in `call'
  railties (3.2.13) lib/rails/rack/log_tailer.rb:17:in `call'
  thin (1.5.1) lib/thin/connection.rb:81:in `block in pre_process'
  thin (1.5.1) lib/thin/connection.rb:79:in `catch'
  thin (1.5.1) lib/thin/connection.rb:79:in `pre_process'
  thin (1.5.1) lib/thin/connection.rb:54:in `process'
  thin (1.5.1) lib/thin/connection.rb:39:in `receive_data'
  eventmachine (1.0.3) lib/eventmachine.rb:187:in `run_machine'
  eventmachine (1.0.3) lib/eventmachine.rb:187:in `run'
  thin (1.5.1) lib/thin/backends/base.rb:63:in `start'
  thin (1.5.1) lib/thin/server.rb:159:in `start'
  rack (1.4.5) lib/rack/handler/thin.rb:13:in `run'
  rack (1.4.5) lib/rack/server.rb:268:in `start'
  railties (3.2.13) lib/rails/commands/server.rb:70:in `start'
  railties (3.2.13) lib/rails/commands.rb:55:in `block in <top (required)>'
  railties (3.2.13) lib/rails/commands.rb:50:in `tap'
  railties (3.2.13) lib/rails/commands.rb:50:in `<top (required)>'
  script/rails:6:in `require'
  script/rails:6:in `<main>'


